<?xml version="1.0" encoding="UTF-8"?>
<!-- Generated by org.testng.reporters.JUnitXMLReporter -->
<testsuite ignored="4" hostname="LAPTOP-DT7PUTNJ" failures="0" tests="1" name="Default test" time="10.327" errors="0" timestamp="2023-04-13T17:56:58 EDT">
  <testcase classname="test_cases.Login_testCases_firefox" name="logintoSFDC" time="1.886"/>
  <testcase classname="test_cases.Login_testCases_firefox" name="checkRemeberme" time="0.0">
    <ignored/>
  </testcase> <!-- checkRemeberme -->
  <testcase classname="test_cases.Login_testCases_firefox" name="validateLoginErrorMessage" time="0.0">
    <ignored/>
  </testcase> <!-- validateLoginErrorMessage -->
  <testcase classname="test_cases.Login_testCases_firefox" name="forgotPassword" time="0.0">
    <ignored/>
  </testcase> <!-- forgotPassword -->
  <testcase classname="test_cases.Login_testCases_firefox" name="navigateSFDC" time="0.0">
    <ignored/>
  </testcase> <!-- navigateSFDC -->
</testsuite> <!-- Default test -->
