<?xml version="1.0" encoding="UTF-8"?>
<testng-results ignored="0" total="2" passed="2" failed="0" skipped="0">
  <reporter-output>
  </reporter-output>
  <suite started-at="2023-04-15T14:38:54 EDT" name="Parallel test" finished-at="2023-04-15T14:39:17 EDT" duration-ms="23019">
    <groups>
    </groups>
    <test started-at="2023-04-15T14:38:54 EDT" name="login" finished-at="2023-04-15T14:39:17 EDT" duration-ms="23019">
      <class name="test_cases.Login_testCases_firefox">
        <test-method is-config="true" signature="beforeMethod()[pri:0, instance:test_cases.Login_testCases_firefox@534a5a98]" started-at="2023-04-15T14:38:54 EDT" name="beforeMethod" finished-at="2023-04-15T14:39:14 EDT" duration-ms="20098" status="PASS">
          <reporter-output>
          </reporter-output>
        </test-method> <!-- beforeMethod -->
        <test-method signature="logintoSFDC()[pri:0, instance:test_cases.Login_testCases_firefox@534a5a98]" started-at="2023-04-15T14:39:14 EDT" name="logintoSFDC" finished-at="2023-04-15T14:39:17 EDT" duration-ms="2799" status="PASS">
          <reporter-output>
          </reporter-output>
        </test-method> <!-- logintoSFDC -->
        <test-method is-config="true" signature="afterMethod()[pri:0, instance:test_cases.Login_testCases_firefox@534a5a98]" started-at="2023-04-15T14:39:17 EDT" name="afterMethod" finished-at="2023-04-15T14:39:17 EDT" duration-ms="1" status="PASS">
          <reporter-output>
          </reporter-output>
        </test-method> <!-- afterMethod -->
      </class> <!-- test_cases.Login_testCases_firefox -->
      <class name="test_cases.Login_testCases_chrome">
        <test-method is-config="true" signature="beforeMethod()[pri:0, instance:test_cases.Login_testCases_chrome@729d991e]" started-at="2023-04-15T14:38:54 EDT" name="beforeMethod" finished-at="2023-04-15T14:39:03 EDT" duration-ms="9153" status="PASS">
          <reporter-output>
          </reporter-output>
        </test-method> <!-- beforeMethod -->
        <test-method signature="logintoSFDC()[pri:0, instance:test_cases.Login_testCases_chrome@729d991e]" started-at="2023-04-15T14:39:03 EDT" name="logintoSFDC" finished-at="2023-04-15T14:39:09 EDT" duration-ms="5761" status="PASS">
          <reporter-output>
          </reporter-output>
        </test-method> <!-- logintoSFDC -->
        <test-method is-config="true" signature="afterMethod()[pri:0, instance:test_cases.Login_testCases_chrome@729d991e]" started-at="2023-04-15T14:39:09 EDT" name="afterMethod" finished-at="2023-04-15T14:39:09 EDT" duration-ms="1" status="PASS">
          <reporter-output>
          </reporter-output>
        </test-method> <!-- afterMethod -->
      </class> <!-- test_cases.Login_testCases_chrome -->
    </test> <!-- login -->
  </suite> <!-- Parallel test -->
</testng-results>
